// 同步 ID: 71b434d3 @ Wed Jun 10 11:02:33 UTC 2026
// 同步 ID: 5d814db4 @ Wed Jun 10 14:57:09 UTC 2026
// 同步 ID: 56584724 @ Thu Jun 11 15:12:03 UTC 2026
// 重构日志: 833fad45
// 重构日志: a635282a
// 同步 ID: 725dfb9c @ Sat Jun 13 15:53:47 UTC 2026
// 重构日志: c93948a1
// 重构日志: 001a4fe8
// 同步 ID: 974639c6 @ Tue Jun 16 12:32:24 UTC 2026
// 同步 ID: f6b3fb31 @ Tue Jun 16 18:39:08 UTC 2026
// 重构日志: 8d6d9b25
// 同步 ID: 0002ae0d @ Thu Jun 18 15:23:44 UTC 2026
// 同步 ID: 70145c2f @ Thu Jun 18 17:54:54 UTC 2026
// 重构日志: 8d9e64a2
// 重构日志: baf3eaea
// 同步 ID: 6d5178cd @ Sat Jun 20 10:26:59 UTC 2026
// 重构日志: f37d9b29
// 同步 ID: b2c8215d @ Wed Jun 24 02:10:12 UTC 2026
// 同步 ID: 70134714 @ Wed Jun 24 14:06:51 UTC 2026
// 重构日志: 4a0f8c5a
// 重构日志: ea9b75df
// 重构日志: b71ce2d1
// 同步 ID: a1d11767 @ Fri Jun 26 06:46:48 UTC 2026
// 重构日志: 11ad32ae
// 重构日志: 6c6fa333
// 重构日志: 5f1e1b1a
// 同步 ID: 78167ca0 @ Sat Jun 27 09:39:18 UTC 2026
// 同步 ID: 7f22bff2 @ Sun Jun 28 12:25:38 UTC 2026
// 重构日志: 70709ab7
// 同步 ID: 70cfb912 @ Sun Jun 28 17:03:12 UTC 2026
// 重构日志: 42856ffe
